<?xml version="1.0" encoding="UTF-8"?>
<!-- Generated by org.testng.reporters.JUnitReportReporter -->
<testsuite hostname="DESKTOP-KP638N2" failures="0" tests="4" name="com.TestNG.Annotations4" time="0.021" errors="0" timestamp="2023-05-08T15:16:32 IST" skipped="1">
  <testcase classname="com.TestNG.Annotations4" name="gmailApplicationInBoxTest" time="0.010"/>
  <system-out/>
  <testcase classname="com.TestNG.Annotations4" name="gmailApplicationComposeMailTest" time="0.007"/>
  <system-out/>
  <testcase classname="com.TestNG.Annotations4" name="gmailApplicationSentMailTest" time="0.004"/>
  <system-out/>
  <testcase classname="com.TestNG.Annotations4" name="gmailApplicationDraftsTest">
    <skipped/>
  </testcase> <!-- gmailApplicationDraftsTest -->
  <system-out/>
</testsuite> <!-- com.TestNG.Annotations4 -->
