<?xml version="1.0" encoding="UTF-8"?>
<!-- Generated by org.testng.reporters.JUnitReportReporter -->
<testsuite hostname="DESKTOP-KP638N2" failures="0" tests="1" name="com.Alert.HandlingAlert" time="5.470" errors="0" timestamp="2023-05-08T19:44:23 IST" skipped="0">
  <testcase classname="com.Alert.HandlingAlert" name="handlingAlert" time="5.470"/>
  <system-out/>
</testsuite> <!-- com.Alert.HandlingAlert -->
