<?xml version="1.0" encoding="UTF-8"?>
<!-- Generated by org.testng.reporters.JUnitReportReporter -->
<testsuite hostname="DESKTOP-KP638N2" failures="0" tests="6" name="com.TestNG.Annotations2" time="0.018" errors="0" timestamp="2023-05-06T16:32:52 IST" skipped="1">
  <testcase classname="com.TestNG.Annotations2" name="gmailApplicationLaunch" time="0.012"/>
  <system-out/>
  <testcase classname="com.TestNG.Annotations2" name="gmailInboxTest" time="0.001"/>
  <system-out/>
  <testcase classname="com.TestNG.Annotations2" name="gmailComposeMailTest" time="0.002"/>
  <system-out/>
  <testcase classname="com.TestNG.Annotations2" name="GmailSentMailTest" time="0.001"/>
  <system-out/>
  <testcase classname="com.TestNG.Annotations2" name="gmailApplicationClose" time="0.002"/>
  <system-out/>
  <testcase classname="com.TestNG.Annotations2" name="gmailDraftTest">
    <skipped/>
  </testcase> <!-- gmailDraftTest -->
  <system-out/>
</testsuite> <!-- com.TestNG.Annotations2 -->
