<?xml version="1.0" encoding="UTF-8"?>
<!-- Generated by org.testng.reporters.JUnitReportReporter -->
<testsuite hostname="DESKTOP-KP638N2" failures="0" tests="4" name="com.TestNG.Annotations3" time="0.010" errors="0" timestamp="2023-05-15T20:05:04 IST" skipped="1">
  <testcase classname="com.TestNG.Annotations3" name="GmailSentMailTest" time="0.008"/>
  <system-out/>
  <testcase classname="com.TestNG.Annotations3" name="gmailInboxTest" time="0.000"/>
  <system-out/>
  <testcase classname="com.TestNG.Annotations3" name="gmailComposeMailTest" time="0.002"/>
  <system-out/>
  <testcase classname="com.TestNG.Annotations3" name="gmailDraftTest">
    <skipped/>
  </testcase> <!-- gmailDraftTest -->
  <system-out/>
</testsuite> <!-- com.TestNG.Annotations3 -->
