<?xml version="1.0" encoding="UTF-8"?>
<!-- Generated by org.testng.reporters.JUnitReportReporter -->
<testsuite hostname="DESKTOP-KP638N2" failures="0" tests="1" name="com.RadioButtons.RadioButtonsTesting" time="16.387" errors="0" timestamp="2023-05-22T21:30:37 IST" skipped="0">
  <testcase classname="com.RadioButtons.RadioButtonsTesting" name="radioButtonsTesting" time="16.387"/>
  <system-out/>
</testsuite> <!-- com.RadioButtons.RadioButtonsTesting -->
