<?xml version="1.0" encoding="UTF-8"?>
<!-- Generated by org.testng.reporters.JUnitReportReporter -->
<testsuite hostname="DESKTOP-KP638N2" failures="0" tests="1" name="com.TimeAndDateApplication.Capturing_DynamicWebTableData" time="17.447" errors="0" timestamp="2023-05-08T13:02:36 IST" skipped="0">
  <testcase classname="com.TimeAndDateApplication.Capturing_DynamicWebTableData" name="getCompleteWebTableDataTest" time="17.447"/>
  <system-out/>
</testsuite> <!-- com.TimeAndDateApplication.Capturing_DynamicWebTableData -->
