<?xml version="1.0" encoding="UTF-8"?>
<!-- Generated by org.testng.reporters.JUnitReportReporter -->
<testsuite hostname="DESKTOP-KP638N2" failures="0" tests="2" name="com.OrangeHRM.OHRM_EmployeeListintoExcelFile" time="13.802" errors="0" timestamp="2023-05-11T18:37:20 IST" skipped="0">
  <testcase classname="com.OrangeHRM.OHRM_EmployeeListintoExcelFile" name="ohrmLogIn" time="3.958"/>
  <system-out/>
  <testcase classname="com.OrangeHRM.OHRM_EmployeeListintoExcelFile" name="pimEmployeeList" time="9.844"/>
  <system-out/>
</testsuite> <!-- com.OrangeHRM.OHRM_EmployeeListintoExcelFile -->
