<?xml version="1.0" encoding="UTF-8"?>
<!-- Generated by org.testng.reporters.JUnitReportReporter -->
<testsuite hostname="DESKTOP-KP638N2" failures="0" tests="4" name="com.TestNG.Annotations1" time="0.020" errors="0" timestamp="2023-05-06T14:57:46 IST" skipped="0">
  <testcase classname="com.TestNG.Annotations1" name="method2" time="0.001"/>
  <system-out/>
  <testcase classname="com.TestNG.Annotations1" name="Method3" time="0.016"/>
  <system-out/>
  <testcase classname="com.TestNG.Annotations1" name="NMethod4" time="0.002"/>
  <system-out/>
  <testcase classname="com.TestNG.Annotations1" name="method1" time="0.001"/>
  <system-out/>
</testsuite> <!-- com.TestNG.Annotations1 -->
