<?xml version="1.0" encoding="UTF-8"?>
<!-- Generated by org.testng.reporters.JUnitReportReporter -->
<testsuite hostname="DESKTOP-KP638N2" failures="0" tests="1" name="com.BaseTest.BaseTest" time="4.331" errors="0" timestamp="2023-05-27T16:26:48 IST" skipped="0">
  <testcase classname="com.BaseTest.BaseTest" name="aleem" time="4.331"/>
  <system-out/>
</testsuite> <!-- com.BaseTest.BaseTest -->
