<?xml version="1.0" encoding="UTF-8"?>
<!-- Generated by org.testng.reporters.JUnitReportReporter -->
<testsuite hostname="DESKTOP-KP638N2" failures="0" tests="1" name="com.OrangeHRMApplicationWebPagesTests.OrangeHRMAddEmployeePageTest" time="29.999" errors="0" timestamp="2023-05-30T13:06:43 IST" skipped="0">
  <testcase classname="com.OrangeHRMApplicationWebPagesTests.OrangeHRMAddEmployeePageTest" name="validatingAddEmployeeHeaderTextTest" time="29.999"/>
  <system-out/>
</testsuite> <!-- com.OrangeHRMApplicationWebPagesTests.OrangeHRMAddEmployeePageTest -->
