<?xml version="1.0" encoding="UTF-8"?>
<!-- Generated by org.testng.reporters.JUnitReportReporter -->
<testsuite hostname="DESKTOP-KP638N2" failures="0" tests="4" name="com.OrangeHRMApplicationWebPagesTests.OrangeHRMHomePageTest" time="64.790" errors="0" timestamp="2023-05-31T11:57:18 IST" skipped="0">
  <testcase classname="com.OrangeHRMApplicationWebPagesTests.OrangeHRMHomePageTest" name="validatingHomePageAdminTextTest" time="19.489"/>
  <system-out/>
  <testcase classname="com.OrangeHRMApplicationWebPagesTests.OrangeHRMHomePageTest" name="validatingHomePagePIMTextTest" time="12.163"/>
  <system-out/>
  <testcase classname="com.OrangeHRMApplicationWebPagesTests.OrangeHRMHomePageTest" name="validatingHomePageLeaveTextTest" time="11.922"/>
  <system-out/>
  <testcase classname="com.OrangeHRMApplicationWebPagesTests.OrangeHRMHomePageTest" name="validatingHomePageTimeTextTest" time="21.216"/>
  <system-out/>
</testsuite> <!-- com.OrangeHRMApplicationWebPagesTests.OrangeHRMHomePageTest -->
