<?xml version="1.0" encoding="UTF-8"?>
<!-- Generated by org.testng.reporters.JUnitReportReporter -->
<testsuite hostname="DESKTOP-KP638N2" failures="0" tests="3" name="com.OrangeHRMApplicationWebPagesTests.OrangeHRMLogInPageTest" time="15.907" errors="0" timestamp="2023-05-27T22:43:40 IST" skipped="0">
  <testcase classname="com.OrangeHRMApplicationWebPagesTests.OrangeHRMLogInPageTest" name="validatingLogInPageTextTest" time="2.413"/>
  <system-out/>
  <testcase classname="com.OrangeHRMApplicationWebPagesTests.OrangeHRMLogInPageTest" name="validatingLogInTest" time="11.301"/>
  <system-out/>
  <testcase classname="com.OrangeHRMApplicationWebPagesTests.OrangeHRMLogInPageTest" name="validatingLogInPageLogoTest" time="2.193"/>
  <system-out/>
</testsuite> <!-- com.OrangeHRMApplicationWebPagesTests.OrangeHRMLogInPageTest -->
