<?xml version="1.0" encoding="UTF-8"?>
<!-- Generated by org.testng.reporters.JUnitReportReporter -->
<testsuite hostname="DESKTOP-KP638N2" failures="0" tests="1" name="com.RadioButtons.RadioButtons" time="19.307" errors="0" timestamp="2023-05-23T11:44:52 IST" skipped="0">
  <testcase classname="com.RadioButtons.RadioButtons" name="radioButtonsTesting" time="19.307"/>
  <system-out/>
</testsuite> <!-- com.RadioButtons.RadioButtons -->
