<?xml version="1.0" encoding="UTF-8"?>
<!-- Generated by org.testng.reporters.JUnitReportReporter -->
<testsuite hostname="DESKTOP-KP638N2" failures="0" tests="3" name="com.TestCases.LogInTest" time="14.793" errors="0" timestamp="2023-05-27T12:32:00 IST" skipped="0">
  <testcase classname="com.TestCases.LogInTest" name="oHRMApplicationLogInPageValidationTest" time="1.885"/>
  <system-out/>
  <testcase classname="com.TestCases.LogInTest" name="oHRMApplicationLogInPageLogInTest" time="10.678"/>
  <system-out/>
  <testcase classname="com.TestCases.LogInTest" name="oHRMApplicationHomePagelogOutTest" time="2.230"/>
  <system-out/>
</testsuite> <!-- com.TestCases.LogInTest -->
