<?xml version="1.0" encoding="UTF-8"?>
<!-- Generated by org.testng.reporters.JUnitReportReporter -->
<testsuite hostname="DESKTOP-KP638N2" failures="0" tests="6" name="com.TestCases.OHRM_CapturingEmployeeListTest" time="40.131" errors="0" timestamp="2023-05-25T11:40:23 IST" skipped="0">
  <testcase classname="com.TestCases.OHRM_CapturingEmployeeListTest" name="oHRMApplicationLogInPageValidationTest" time="1.770"/>
  <system-out/>
  <testcase classname="com.TestCases.OHRM_CapturingEmployeeListTest" name="oHRMApplicationLogInPageLogInTest" time="9.711"/>
  <system-out/>
  <testcase classname="com.TestCases.OHRM_CapturingEmployeeListTest" name="oHRMApplicationHomePagePIMTest" time="0.392"/>
  <system-out/>
  <testcase classname="com.TestCases.OHRM_CapturingEmployeeListTest" name="oHRMApplicationEmployeeListTest" time="2.039"/>
  <system-out/>
  <testcase classname="com.TestCases.OHRM_CapturingEmployeeListTest" name="oHRMApplicationHomePageCapturingEmployeeListTest" time="23.577"/>
  <system-out/>
  <testcase classname="com.TestCases.OHRM_CapturingEmployeeListTest" name="oHRMApplicationHomePagelogOutTest" time="2.642"/>
  <system-out/>
</testsuite> <!-- com.TestCases.OHRM_CapturingEmployeeListTest -->
