<?xml version="1.0" encoding="UTF-8"?>
<!-- Generated by org.testng.reporters.JUnitReportReporter -->
<testsuite hostname="DESKTOP-KP638N2" failures="0" tests="1" name="com.BaseTest.BaseTest" time="0.027" errors="0" timestamp="2023-05-09T12:22:12 IST" skipped="0">
  <testcase classname="com.BaseTest.BaseTest" name="app" time="0.027"/>
  <system-out/>
</testsuite> <!-- com.BaseTest.BaseTest -->
