<?xml version="1.0" encoding="UTF-8"?>
<!-- Generated by org.testng.reporters.JUnitReportReporter -->
<testsuite hostname="DESKTOP-KP638N2" failures="0" tests="4" name="com.TestNG.ArrayListExample" time="0.018" errors="0" timestamp="2023-05-12T21:08:18 IST" skipped="0">
  <testcase classname="com.TestNG.ArrayListExample" name="arrayList1" time="0.011"/>
  <system-out/>
  <testcase classname="com.TestNG.ArrayListExample" name="arrayList2" time="0.003"/>
  <system-out/>
  <testcase classname="com.TestNG.ArrayListExample" name="arrayList3" time="0.001"/>
  <system-out/>
  <testcase classname="com.TestNG.ArrayListExample" name="arrayList4" time="0.003"/>
  <system-out/>
</testsuite> <!-- com.TestNG.ArrayListExample -->
