<?xml version="1.0" encoding="UTF-8"?>
<!-- Generated by org.testng.reporters.JUnitReportReporter -->
<testsuite hostname="DESKTOP-KP638N2" failures="0" tests="3" name="com.TestCases.LogInTest" time="17.388" errors="0" timestamp="2023-05-25T10:59:08 IST" skipped="0">
  <testcase classname="com.TestCases.LogInTest" name="oHRMApplicationLogInPageValidationTest" time="2.247"/>
  <system-out/>
  <testcase classname="com.TestCases.LogInTest" name="oHRMApplicationLogInPageLogInTest" time="11.239"/>
  <system-out/>
  <testcase classname="com.TestCases.LogInTest" name="oHRMApplicationHomePagelogOutTest" time="3.902"/>
  <system-out/>
</testsuite> <!-- com.TestCases.LogInTest -->
