<?xml version="1.0" encoding="UTF-8"?>
<!-- Generated by org.testng.reporters.JUnitReportReporter -->
<testsuite hostname="DESKTOP-KP638N2" failures="0" tests="3" name="com.TestCases.LogInTest" time="24.207" errors="0" timestamp="2023-06-01T13:50:43 IST" skipped="0">
  <testcase classname="com.TestCases.LogInTest" name="oHRMApplicationLogInPageValidationTest" time="1.604"/>
  <system-out/>
  <testcase classname="com.TestCases.LogInTest" name="oHRMApplicationLogInPageLogInTest" time="20.211"/>
  <system-out/>
  <testcase classname="com.TestCases.LogInTest" name="oHRMApplicationHomePagelogOutTest" time="2.392"/>
  <system-out/>
</testsuite> <!-- com.TestCases.LogInTest -->
