<?xml version="1.0" encoding="UTF-8"?>
<!-- Generated by org.testng.reporters.JUnitReportReporter -->
<testsuite hostname="DESKTOP-KP638N2" failures="0" tests="6" name="com.TestCases.OHRM_CapturingEmployeeListTest" time="40.691" errors="0" timestamp="2023-05-25T10:59:08 IST" skipped="0">
  <testcase classname="com.TestCases.OHRM_CapturingEmployeeListTest" name="oHRMApplicationLogInPageValidationTest" time="2.019"/>
  <system-out/>
  <testcase classname="com.TestCases.OHRM_CapturingEmployeeListTest" name="oHRMApplicationLogInPageLogInTest" time="10.650"/>
  <system-out/>
  <testcase classname="com.TestCases.OHRM_CapturingEmployeeListTest" name="oHRMApplicationHomePagePIMTest" time="1.436"/>
  <system-out/>
  <testcase classname="com.TestCases.OHRM_CapturingEmployeeListTest" name="oHRMApplicationEmployeeListTest" time="2.555"/>
  <system-out/>
  <testcase classname="com.TestCases.OHRM_CapturingEmployeeListTest" name="oHRMApplicationHomePageCapturingEmployeeListTest" time="21.437"/>
  <system-out/>
  <testcase classname="com.TestCases.OHRM_CapturingEmployeeListTest" name="oHRMApplicationHomePagelogOutTest" time="2.594"/>
  <system-out/>
</testsuite> <!-- com.TestCases.OHRM_CapturingEmployeeListTest -->
